GROUP,PACKAGE,CLASS,INSTRUCTION_MISSED,INSTRUCTION_COVERED,BRANCH_MISSED,BRANCH_COVERED,LINE_MISSED,LINE_COVERED,COMPLEXITY_MISSED,COMPLEXITY_COVERED,METHOD_MISSED,METHOD_COVERED
02-pass-thibichloanChung,com.assignment02.firstproject._pass_thibichloanChung,Main,51,0,0,0,11,0,2,0,2,0
02-pass-thibichloanChung,com.assignment02.firstproject._pass_thibichloanChung,BasicCalculator,0,35,0,2,0,12,0,6,0,5
02-pass-thibichloanChung,com.assignment02.firstproject._pass_thibichloanChung,AdvancedCalculator,0,46,0,4,0,17,0,8,0,6
