<?xml version="1.0" encoding="UTF-8"?>
<!-- Generated by org.testng.reporters.JUnitXMLReporter -->
<testsuite hostname="thi-VirtualBox" name="Surefire test" tests="34" failures="0" timestamp="29 Mar 2021 15:18:54 GMT" time="0.274" errors="0">
  <testcase name="testAbsValuePositiveNum on testAbsValuePositiveNum(com.assignment02.firstproject._pass_thibichloanChung.AdvancedCalculatorTest)" time="0.006" classname="com.assignment02.firstproject._pass_thibichloanChung.AdvancedCalculatorTest"/>
  <testcase name="testSquarePositiveNum on testSquarePositiveNum(com.assignment02.firstproject._pass_thibichloanChung.AdvancedCalculatorTest)" time="0.0" classname="com.assignment02.firstproject._pass_thibichloanChung.AdvancedCalculatorTest"/>
  <testcase name="testRaisedPowerNegativeNum on testRaisedPowerNegativeNum(com.assignment02.firstproject._pass_thibichloanChung.AdvancedCalculatorTest)" time="0.0" classname="com.assignment02.firstproject._pass_thibichloanChung.AdvancedCalculatorTest"/>
  <testcase name="testSignPositiveNum on testSignPositiveNum(com.assignment02.firstproject._pass_thibichloanChung.AdvancedCalculatorTest)" time="0.0" classname="com.assignment02.firstproject._pass_thibichloanChung.AdvancedCalculatorTest"/>
  <testcase name="testAbsValueNegativeNum on testAbsValueNegativeNum(com.assignment02.firstproject._pass_thibichloanChung.AdvancedCalculatorTest)" time="0.0" classname="com.assignment02.firstproject._pass_thibichloanChung.AdvancedCalculatorTest"/>
  <testcase name="testSquareNegativeNum on testSquareNegativeNum(com.assignment02.firstproject._pass_thibichloanChung.AdvancedCalculatorTest)" time="0.001" classname="com.assignment02.firstproject._pass_thibichloanChung.AdvancedCalculatorTest"/>
  <testcase name="testRaisedPowerZero on testRaisedPowerZero(com.assignment02.firstproject._pass_thibichloanChung.AdvancedCalculatorTest)" time="0.0" classname="com.assignment02.firstproject._pass_thibichloanChung.AdvancedCalculatorTest"/>
  <testcase name="testSignNegativeNum on testSignNegativeNum(com.assignment02.firstproject._pass_thibichloanChung.AdvancedCalculatorTest)" time="0.0" classname="com.assignment02.firstproject._pass_thibichloanChung.AdvancedCalculatorTest"/>
  <testcase name="testRaisedPowerZero_1 on testRaisedPowerZero_1(com.assignment02.firstproject._pass_thibichloanChung.AdvancedCalculatorTest)" time="0.0" classname="com.assignment02.firstproject._pass_thibichloanChung.AdvancedCalculatorTest"/>
  <testcase name="testSqrtZero on testSqrtZero(com.assignment02.firstproject._pass_thibichloanChung.AdvancedCalculatorTest)" time="0.0" classname="com.assignment02.firstproject._pass_thibichloanChung.AdvancedCalculatorTest"/>
  <testcase name="testSqrtPositiveNum on testSqrtPositiveNum(com.assignment02.firstproject._pass_thibichloanChung.AdvancedCalculatorTest)" time="0.0" classname="com.assignment02.firstproject._pass_thibichloanChung.AdvancedCalculatorTest"/>
  <testcase name="testSqrtNegativeNum on testSqrtNegativeNum(com.assignment02.firstproject._pass_thibichloanChung.AdvancedCalculatorTest)" time="0.0" classname="com.assignment02.firstproject._pass_thibichloanChung.AdvancedCalculatorTest"/>
  <testcase name="testAbsValueZero on testAbsValueZero(com.assignment02.firstproject._pass_thibichloanChung.AdvancedCalculatorTest)" time="0.0" classname="com.assignment02.firstproject._pass_thibichloanChung.AdvancedCalculatorTest"/>
  <testcase name="testRaisedPowerNegativeNum_1 on testRaisedPowerNegativeNum_1(com.assignment02.firstproject._pass_thibichloanChung.AdvancedCalculatorTest)" time="0.0" classname="com.assignment02.firstproject._pass_thibichloanChung.AdvancedCalculatorTest"/>
  <testcase name="testRaisedPowerNegativeNum_2 on testRaisedPowerNegativeNum_2(com.assignment02.firstproject._pass_thibichloanChung.AdvancedCalculatorTest)" time="0.001" classname="com.assignment02.firstproject._pass_thibichloanChung.AdvancedCalculatorTest"/>
  <testcase name="testSignZero on testSignZero(com.assignment02.firstproject._pass_thibichloanChung.AdvancedCalculatorTest)" time="0.0" classname="com.assignment02.firstproject._pass_thibichloanChung.AdvancedCalculatorTest"/>
  <testcase name="testSquareZero on testSquareZero(com.assignment02.firstproject._pass_thibichloanChung.AdvancedCalculatorTest)" time="0.0" classname="com.assignment02.firstproject._pass_thibichloanChung.AdvancedCalculatorTest"/>
  <testcase name="testRaisedPowerPositiveNum on testRaisedPowerPositiveNum(com.assignment02.firstproject._pass_thibichloanChung.AdvancedCalculatorTest)" time="0.0" classname="com.assignment02.firstproject._pass_thibichloanChung.AdvancedCalculatorTest"/>
  <testcase name="testAddNegativeNbrs on testAddNegativeNbrs(com.assignment02.firstproject._pass_thibichloanChung.BasicCalculatorTest)" time="0.0" classname="com.assignment02.firstproject._pass_thibichloanChung.BasicCalculatorTest"/>
  <testcase name="testAddZero on testAddZero(com.assignment02.firstproject._pass_thibichloanChung.BasicCalculatorTest)" time="0.0" classname="com.assignment02.firstproject._pass_thibichloanChung.BasicCalculatorTest"/>
  <testcase name="testAddNegPosN on testAddNegPosN(com.assignment02.firstproject._pass_thibichloanChung.BasicCalculatorTest)" time="0.0" classname="com.assignment02.firstproject._pass_thibichloanChung.BasicCalculatorTest"/>
  <testcase name="testDivPositiveNbrs on testDivPositiveNbrs(com.assignment02.firstproject._pass_thibichloanChung.BasicCalculatorTest)" time="0.0" classname="com.assignment02.firstproject._pass_thibichloanChung.BasicCalculatorTest"/>
  <testcase name="testDivNegativNbrs on testDivNegativNbrs(com.assignment02.firstproject._pass_thibichloanChung.BasicCalculatorTest)" time="0.0" classname="com.assignment02.firstproject._pass_thibichloanChung.BasicCalculatorTest"/>
  <testcase name="testDivNegPosN on testDivNegPosN(com.assignment02.firstproject._pass_thibichloanChung.BasicCalculatorTest)" time="0.001" classname="com.assignment02.firstproject._pass_thibichloanChung.BasicCalculatorTest"/>
  <testcase name="testMultiZero on testMultiZero(com.assignment02.firstproject._pass_thibichloanChung.BasicCalculatorTest)" time="0.001" classname="com.assignment02.firstproject._pass_thibichloanChung.BasicCalculatorTest"/>
  <testcase name="testSubNegPosN on testSubNegPosN(com.assignment02.firstproject._pass_thibichloanChung.BasicCalculatorTest)" time="0.001" classname="com.assignment02.firstproject._pass_thibichloanChung.BasicCalculatorTest"/>
  <testcase name="testSubPositiveNbrs on testSubPositiveNbrs(com.assignment02.firstproject._pass_thibichloanChung.BasicCalculatorTest)" time="0.0" classname="com.assignment02.firstproject._pass_thibichloanChung.BasicCalculatorTest"/>
  <testcase name="testSubNegativeNbrs on testSubNegativeNbrs(com.assignment02.firstproject._pass_thibichloanChung.BasicCalculatorTest)" time="0.0" classname="com.assignment02.firstproject._pass_thibichloanChung.BasicCalculatorTest"/>
  <testcase name="testMultiPositiveNbrs on testMultiPositiveNbrs(com.assignment02.firstproject._pass_thibichloanChung.BasicCalculatorTest)" time="0.001" classname="com.assignment02.firstproject._pass_thibichloanChung.BasicCalculatorTest"/>
  <testcase name="testMultiNegativeNbrs on testMultiNegativeNbrs(com.assignment02.firstproject._pass_thibichloanChung.BasicCalculatorTest)" time="0.001" classname="com.assignment02.firstproject._pass_thibichloanChung.BasicCalculatorTest"/>
  <testcase name="testMultiNegPosN on testMultiNegPosN(com.assignment02.firstproject._pass_thibichloanChung.BasicCalculatorTest)" time="0.0" classname="com.assignment02.firstproject._pass_thibichloanChung.BasicCalculatorTest"/>
  <testcase name="testDivZero on testDivZero(com.assignment02.firstproject._pass_thibichloanChung.BasicCalculatorTest)" time="0.001" classname="com.assignment02.firstproject._pass_thibichloanChung.BasicCalculatorTest"/>
  <testcase name="testSubZero on testSubZero(com.assignment02.firstproject._pass_thibichloanChung.BasicCalculatorTest)" time="0.003" classname="com.assignment02.firstproject._pass_thibichloanChung.BasicCalculatorTest"/>
  <testcase name="testAddPositiveNbrs on testAddPositiveNbrs(com.assignment02.firstproject._pass_thibichloanChung.BasicCalculatorTest)" time="0.008" classname="com.assignment02.firstproject._pass_thibichloanChung.BasicCalculatorTest"/>
</testsuite> <!-- Surefire test -->
