<?xml version="1.0" encoding="UTF-8"?>
<testsuite name="TestSuite" time="0.026" tests="34" errors="0" skipped="0" failures="0">
  <properties>
[...]
</properties>
  <testcase name="testAbsValuePositiveNum on testAbsValuePositiveNum(com.assignment02.firstproject._pass_thibichloanChung.AdvancedCalculatorTest)" classname="com.assignment02.firstproject._pass_thibichloanChung.AdvancedCalculatorTest" time="0.002"/>
  <testcase name="testSquarePositiveNum on testSquarePositiveNum(com.assignment02.firstproject._pass_thibichloanChung.AdvancedCalculatorTest)" classname="com.assignment02.firstproject._pass_thibichloanChung.AdvancedCalculatorTest" time="0"/>
  <testcase name="testRaisedPowerNegativeNum on testRaisedPowerNegativeNum(com.assignment02.firstproject._pass_thibichloanChung.AdvancedCalculatorTest)" classname="com.assignment02.firstproject._pass_thibichloanChung.AdvancedCalculatorTest" time="0"/>
  <testcase name="testSignPositiveNum on testSignPositiveNum(com.assignment02.firstproject._pass_thibichloanChung.AdvancedCalculatorTest)" classname="com.assignment02.firstproject._pass_thibichloanChung.AdvancedCalculatorTest" time="0"/>
  <testcase name="testAbsValueNegativeNum on testAbsValueNegativeNum(com.assignment02.firstproject._pass_thibichloanChung.AdvancedCalculatorTest)" classname="com.assignment02.firstproject._pass_thibichloanChung.AdvancedCalculatorTest" time="0.001"/>
  <testcase name="testSquareNegativeNum on testSquareNegativeNum(com.assignment02.firstproject._pass_thibichloanChung.AdvancedCalculatorTest)" classname="com.assignment02.firstproject._pass_thibichloanChung.AdvancedCalculatorTest" time="0.003"/>
  <testcase name="testRaisedPowerZero on testRaisedPowerZero(com.assignment02.firstproject._pass_thibichloanChung.AdvancedCalculatorTest)" classname="com.assignment02.firstproject._pass_thibichloanChung.AdvancedCalculatorTest" time="0"/>
  <testcase name="testSignNegativeNum on testSignNegativeNum(com.assignment02.firstproject._pass_thibichloanChung.AdvancedCalculatorTest)" classname="com.assignment02.firstproject._pass_thibichloanChung.AdvancedCalculatorTest" time="0"/>
  <testcase name="testRaisedPowerZero_1 on testRaisedPowerZero_1(com.assignment02.firstproject._pass_thibichloanChung.AdvancedCalculatorTest)" classname="com.assignment02.firstproject._pass_thibichloanChung.AdvancedCalculatorTest" time="0"/>
  <testcase name="testSqrtZero on testSqrtZero(com.assignment02.firstproject._pass_thibichloanChung.AdvancedCalculatorTest)" classname="com.assignment02.firstproject._pass_thibichloanChung.AdvancedCalculatorTest" time="0.001"/>
  <testcase name="testSqrtPositiveNum on testSqrtPositiveNum(com.assignment02.firstproject._pass_thibichloanChung.AdvancedCalculatorTest)" classname="com.assignment02.firstproject._pass_thibichloanChung.AdvancedCalculatorTest" time="0.001"/>
  <testcase name="testSqrtNegativeNum on testSqrtNegativeNum(com.assignment02.firstproject._pass_thibichloanChung.AdvancedCalculatorTest)" classname="com.assignment02.firstproject._pass_thibichloanChung.AdvancedCalculatorTest" time="0.001"/>
  <testcase name="testAbsValueZero on testAbsValueZero(com.assignment02.firstproject._pass_thibichloanChung.AdvancedCalculatorTest)" classname="com.assignment02.firstproject._pass_thibichloanChung.AdvancedCalculatorTest" time="0"/>
  <testcase name="testRaisedPowerNegativeNum_1 on testRaisedPowerNegativeNum_1(com.assignment02.firstproject._pass_thibichloanChung.AdvancedCalculatorTest)" classname="com.assignment02.firstproject._pass_thibichloanChung.AdvancedCalculatorTest" time="0.002"/>
  <testcase name="testRaisedPowerNegativeNum_2 on testRaisedPowerNegativeNum_2(com.assignment02.firstproject._pass_thibichloanChung.AdvancedCalculatorTest)" classname="com.assignment02.firstproject._pass_thibichloanChung.AdvancedCalculatorTest" time="0.001"/>
  <testcase name="testSignZero on testSignZero(com.assignment02.firstproject._pass_thibichloanChung.AdvancedCalculatorTest)" classname="com.assignment02.firstproject._pass_thibichloanChung.AdvancedCalculatorTest" time="0"/>
  <testcase name="testSquareZero on testSquareZero(com.assignment02.firstproject._pass_thibichloanChung.AdvancedCalculatorTest)" classname="com.assignment02.firstproject._pass_thibichloanChung.AdvancedCalculatorTest" time="0"/>
  <testcase name="testRaisedPowerPositiveNum on testRaisedPowerPositiveNum(com.assignment02.firstproject._pass_thibichloanChung.AdvancedCalculatorTest)" classname="com.assignment02.firstproject._pass_thibichloanChung.AdvancedCalculatorTest" time="0.001"/>
  <testcase name="testAddNegativeNbrs on testAddNegativeNbrs(com.assignment02.firstproject._pass_thibichloanChung.BasicCalculatorTest)" classname="com.assignment02.firstproject._pass_thibichloanChung.BasicCalculatorTest" time="0.004"/>
  <testcase name="testAddZero on testAddZero(com.assignment02.firstproject._pass_thibichloanChung.BasicCalculatorTest)" classname="com.assignment02.firstproject._pass_thibichloanChung.BasicCalculatorTest" time="0.002"/>
  <testcase name="testAddNegPosN on testAddNegPosN(com.assignment02.firstproject._pass_thibichloanChung.BasicCalculatorTest)" classname="com.assignment02.firstproject._pass_thibichloanChung.BasicCalculatorTest" time="0"/>
  <testcase name="testDivPositiveNbrs on testDivPositiveNbrs(com.assignment02.firstproject._pass_thibichloanChung.BasicCalculatorTest)" classname="com.assignment02.firstproject._pass_thibichloanChung.BasicCalculatorTest" time="0.004"/>
  <testcase name="testDivNegativNbrs on testDivNegativNbrs(com.assignment02.firstproject._pass_thibichloanChung.BasicCalculatorTest)" classname="com.assignment02.firstproject._pass_thibichloanChung.BasicCalculatorTest" time="0"/>
  <testcase name="testDivNegPosN on testDivNegPosN(com.assignment02.firstproject._pass_thibichloanChung.BasicCalculatorTest)" classname="com.assignment02.firstproject._pass_thibichloanChung.BasicCalculatorTest" time="0"/>
  <testcase name="testMultiZero on testMultiZero(com.assignment02.firstproject._pass_thibichloanChung.BasicCalculatorTest)" classname="com.assignment02.firstproject._pass_thibichloanChung.BasicCalculatorTest" time="0"/>
  <testcase name="testSubNegPosN on testSubNegPosN(com.assignment02.firstproject._pass_thibichloanChung.BasicCalculatorTest)" classname="com.assignment02.firstproject._pass_thibichloanChung.BasicCalculatorTest" time="0"/>
  <testcase name="testSubPositiveNbrs on testSubPositiveNbrs(com.assignment02.firstproject._pass_thibichloanChung.BasicCalculatorTest)" classname="com.assignment02.firstproject._pass_thibichloanChung.BasicCalculatorTest" time="0"/>
  <testcase name="testSubNegativeNbrs on testSubNegativeNbrs(com.assignment02.firstproject._pass_thibichloanChung.BasicCalculatorTest)" classname="com.assignment02.firstproject._pass_thibichloanChung.BasicCalculatorTest" time="0"/>
  <testcase name="testMultiPositiveNbrs on testMultiPositiveNbrs(com.assignment02.firstproject._pass_thibichloanChung.BasicCalculatorTest)" classname="com.assignment02.firstproject._pass_thibichloanChung.BasicCalculatorTest" time="0"/>
  <testcase name="testMultiNegativeNbrs on testMultiNegativeNbrs(com.assignment02.firstproject._pass_thibichloanChung.BasicCalculatorTest)" classname="com.assignment02.firstproject._pass_thibichloanChung.BasicCalculatorTest" time="0"/>
  <testcase name="testMultiNegPosN on testMultiNegPosN(com.assignment02.firstproject._pass_thibichloanChung.BasicCalculatorTest)" classname="com.assignment02.firstproject._pass_thibichloanChung.BasicCalculatorTest" time="0"/>
  <testcase name="testDivZero on testDivZero(com.assignment02.firstproject._pass_thibichloanChung.BasicCalculatorTest)" classname="com.assignment02.firstproject._pass_thibichloanChung.BasicCalculatorTest" time="0.002"/>
  <testcase name="testSubZero on testSubZero(com.assignment02.firstproject._pass_thibichloanChung.BasicCalculatorTest)" classname="com.assignment02.firstproject._pass_thibichloanChung.BasicCalculatorTest" time="0"/>
  <testcase name="testAddPositiveNbrs on testAddPositiveNbrs(com.assignment02.firstproject._pass_thibichloanChung.BasicCalculatorTest)" classname="com.assignment02.firstproject._pass_thibichloanChung.BasicCalculatorTest" time="0.001"/>
</testsuite>